TrackID,CourseID
1024,3
1024,4
1024,5
1024,6
1024,8
1024,9
1024,10
1024,35
1024,39
1024,49
1025,3
1025,6
1025,7
1025,8
1025,9
1025,10
1025,49
1025,50
1025,51
1025,52
1026,6
1026,7
1026,50
1026,51
1026,52
1027,11
1027,12
1027,13
1027,14
1027,15
1027,17
1027,18
1027,19
1027,20
1028,18
1028,19
1028,23
1028,24
1029,28
1029,29
1029,30
1029,31
1029,32
1029,33
1030,40
1030,41
1030,42
1030,43
1031,15
1031,16
1031,35
1031,38
1031,47
1032,20
1032,28
1032,29
1032,30
1033,16
1033,25
1033,26
1033,27
1034,44
1034,45
1034,46
1034,49
1039,1
1039,5
1039,35
1039,36
1039,37
1039,38
1040,4
1040,15
1040,16
1040,17
1040,48
1041,31
1041,32
1041,40
1041,42
1042,3
1042,6
1042,7
1042,8
1042,51
1043,1
1043,3
1043,4
1043,5
1043,10

(90 rows affected)


Completion time: 2025-10-13T12:49:57.0940767+03:00
